\BOOKMARK [0][-]{chapter.1}{\376\377\000I\000n\000t\000r\000o\000d\000u\000c\000t\000i\000o\000n}{}% 1
\BOOKMARK [1][-]{section.1.1}{\376\377\000P\000r\000o\000j\000e\000c\000t\000\040\000s\000t\000a\000t\000e\000m\000e\000n\000t}{chapter.1}% 2
\BOOKMARK [1][-]{section.1.2}{\376\377\000A\000i\000m\000s\000\040\000a\000n\000d\000\040\000o\000b\000j\000e\000c\000t\000i\000v\000e\000s}{chapter.1}% 3
\BOOKMARK [0][-]{chapter.2}{\376\377\000B\000a\000c\000k\000g\000r\000o\000u\000n\000d}{}% 4
\BOOKMARK [0][-]{chapter.3}{\376\377\000D\000e\000v\000e\000l\000o\000p\000m\000e\000n\000t\000\040\000H\000i\000s\000t\000o\000r\000y}{}% 5
\BOOKMARK [1][-]{section.3.1}{\376\377\000S\000p\000r\000i\000n\000t\000\040\0001\000:\000\040\000B\000a\000s\000i\000c\000\040\000e\000x\000p\000r\000e\000s\000s\000i\000o\000n\000s}{chapter.3}% 6
\BOOKMARK [2][-]{subsection.3.1.1}{\376\377\000G\000r\000a\000m\000m\000a\000r\000\040\000i\000n\000\040\000B\000N\000F}{section.3.1}% 7
\BOOKMARK [1][-]{section.3.2}{\376\377\000S\000p\000r\000i\000n\000t\000\040\0002\000:\000\040\000V\000a\000r\000i\000a\000b\000l\000e\000\040\000a\000s\000s\000i\000g\000n\000m\000e\000n\000t}{chapter.3}% 8
\BOOKMARK [2][-]{subsection.3.2.1}{\376\377\000G\000r\000a\000m\000m\000a\000r\000\040\000i\000n\000\040\000B\000N\000F}{section.3.2}% 9
\BOOKMARK [1][-]{section.3.3}{\376\377\000S\000p\000r\000i\000n\000t\000\040\0003\000:\000\040\000I\000n\000t\000e\000r\000p\000r\000e\000t\000e\000r}{chapter.3}% 10
\BOOKMARK [1][-]{section.3.4}{\376\377\000S\000p\000r\000i\000n\000t\000\040\0004\000:\000\040\000F\000u\000n\000c\000t\000i\000o\000n\000s}{chapter.3}% 11
\BOOKMARK [2][-]{subsection.3.4.1}{\376\377\000G\000r\000a\000m\000m\000a\000r\000\040\000i\000n\000\040\000B\000N\000F}{section.3.4}% 12
\BOOKMARK [1][-]{section.3.5}{\376\377\000S\000p\000r\000i\000n\000t\000\040\0005\000:\000\040\000S\000t\000a\000t\000i\000c\000\040\000t\000y\000p\000e\000\040\000c\000h\000e\000c\000k\000i\000n\000g}{chapter.3}% 13
\BOOKMARK [2][-]{subsection.3.5.1}{\376\377\000G\000r\000a\000m\000m\000a\000r\000\040\000i\000n\000\040\000B\000N\000F}{section.3.5}% 14
\BOOKMARK [1][-]{section.3.6}{\376\377\000S\000p\000r\000i\000n\000t\000\040\0006\000:\000\040\000B\000y\000t\000e\000c\000o\000d\000e}{chapter.3}% 15
\BOOKMARK [1][-]{section.3.7}{\376\377\000S\000p\000r\000i\000n\000t\000\040\0007\000:\000\040\000G\000U\000I}{chapter.3}% 16
\BOOKMARK [1][-]{section.3.8}{\376\377\000S\000p\000r\000i\000n\000t\000\040\0008\000:\000\040\000P\000l\000o\000t\000t\000i\000n\000g}{chapter.3}% 17
\BOOKMARK [2][-]{subsection.3.8.1}{\376\377\000G\000r\000a\000m\000m\000a\000r\000\040\000i\000n\000\040\000B\000N\000F}{section.3.8}% 18
\BOOKMARK [1][-]{section.3.9}{\376\377\000S\000p\000r\000i\000n\000t\000\040\0009\000:\000\040\000M\000a\000t\000h\000s\000\040\000F\000u\000n\000c\000t\000i\000o\000n\000s}{chapter.3}% 19
\BOOKMARK [2][-]{subsection.3.9.1}{\376\377\000G\000r\000a\000m\000m\000a\000r\000\040\000i\000n\000\040\000B\000N\000F}{section.3.9}% 20
\BOOKMARK [1][-]{section.3.10}{\376\377\000S\000p\000r\000i\000n\000t\000\040\0001\0000\000:\000\040\000C\000o\000n\000t\000r\000o\000l\000\040\000f\000l\000o\000w}{chapter.3}% 21
\BOOKMARK [2][-]{subsection.3.10.1}{\376\377\000G\000r\000a\000m\000m\000a\000r\000\040\000i\000n\000\040\000B\000N\000F}{section.3.10}% 22
\BOOKMARK [1][-]{section.3.11}{\376\377\000S\000p\000r\000i\000n\000t\000\040\0001\0001\000:\000\040\000O\000p\000t\000i\000m\000i\000s\000a\000t\000i\000o\000n}{chapter.3}% 23
\BOOKMARK [1][-]{section.3.12}{\376\377\000S\000p\000r\000i\000n\000t\000\040\0001\0002\000:\000\040\000T\000r\000a\000n\000s\000p\000i\000l\000e\000r}{chapter.3}% 24
\BOOKMARK [0][-]{chapter.4}{\376\377\000F\000i\000n\000a\000l\000\040\000d\000e\000l\000i\000v\000e\000r\000a\000b\000l\000e}{}% 25
\BOOKMARK [1][-]{section.4.1}{\376\377\000F\000i\000n\000a\000l\000\040\000B\000N\000F}{chapter.4}% 26
\BOOKMARK [1][-]{section.4.2}{\376\377\000F\000i\000n\000a\000l\000\040\000G\000U\000I}{chapter.4}% 27
\BOOKMARK [2][-]{subsection.4.2.1}{\376\377\000C\000o\000d\000e\000\040\000E\000d\000i\000t\000o\000r}{section.4.2}% 28
\BOOKMARK [2][-]{subsection.4.2.2}{\376\377\000N\000o\000t\000e\000b\000o\000o\000k\000\040\000V\000i\000e\000w}{section.4.2}% 29
\BOOKMARK [2][-]{subsection.4.2.3}{\376\377\000P\000l\000o\000t\000\040\000V\000i\000e\000w}{section.4.2}% 30
\BOOKMARK [1][-]{section.4.3}{\376\377\000N\000o\000t\000a\000b\000l\000e\000\040\000F\000e\000a\000t\000u\000r\000e\000s}{chapter.4}% 31
\BOOKMARK [1][-]{section.4.4}{\376\377\000L\000e\000x\000e\000r}{chapter.4}% 32
\BOOKMARK [1][-]{section.4.5}{\376\377\000P\000a\000r\000s\000e\000r}{chapter.4}% 33
\BOOKMARK [1][-]{section.4.6}{\376\377\000A\000S\000T}{chapter.4}% 34
\BOOKMARK [1][-]{section.4.7}{\376\377\000T\000y\000p\000e\000\040\000I\000n\000f\000e\000r\000e\000n\000c\000e}{chapter.4}% 35
\BOOKMARK [2][-]{subsection.4.7.1}{\376\377\000T\000y\000p\000e\000\040\000I\000n\000f\000e\000r\000e\000n\000c\000e\000\040\000A\000l\000g\000o\000r\000i\000t\000h\000m}{section.4.7}% 36
\BOOKMARK [2][-]{subsection.4.7.2}{\376\377\000G\000r\000a\000d\000u\000a\000l\000\040\000T\000y\000p\000i\000n\000g}{section.4.7}% 37
\BOOKMARK [2][-]{subsection.4.7.3}{\376\377\000R\000o\000w\000\040\000P\000o\000l\000y\000m\000o\000r\000p\000h\000i\000s\000m}{section.4.7}% 38
\BOOKMARK [2][-]{subsection.4.7.4}{\376\377\000R\000e\000c\000u\000r\000s\000i\000v\000e\000\040\000B\000i\000n\000d\000i\000n\000g\000s}{section.4.7}% 39
\BOOKMARK [2][-]{subsection.4.7.5}{\376\377\000C\000o\000n\000s\000t\000r\000a\000i\000n\000t\000s}{section.4.7}% 40
\BOOKMARK [2][-]{subsection.4.7.6}{\376\377\000V\000e\000c\000t\000o\000r\000\040\000L\000e\000n\000g\000t\000h\000\040\000E\000n\000c\000o\000d\000i\000n\000g}{section.4.7}% 41
\BOOKMARK [2][-]{subsection.4.7.7}{\376\377\000F\000u\000n\000c\000t\000i\000o\000n\000\040\000P\000u\000r\000i\000t\000y}{section.4.7}% 42
\BOOKMARK [1][-]{section.4.8}{\376\377\000O\000p\000t\000i\000m\000i\000s\000a\000t\000i\000o\000n}{chapter.4}% 43
\BOOKMARK [2][-]{subsection.4.8.1}{\376\377\000D\000e\000a\000d\000\040\000c\000o\000d\000e\000\040\000e\000l\000i\000m\000i\000n\000a\000t\000i\000o\000n}{section.4.8}% 44
\BOOKMARK [2][-]{subsection.4.8.2}{\376\377\000C\000o\000n\000s\000t\000a\000n\000t\000\040\000f\000o\000l\000d\000i\000n\000g}{section.4.8}% 45
\BOOKMARK [1][-]{section.4.9}{\376\377\000I\000n\000i\000t\000i\000a\000l\000\040\000D\000e\000s\000i\000g\000n\000\040\000o\000f\000\040\000t\000h\000e\000\040\000B\000y\000t\000e\000c\000o\000d\000e\000\040\000V\000i\000r\000t\000u\000a\000l\000\040\000M\000a\000c\000h\000i\000n\000e\000\040\000a\000n\000d\000\040\000C\000o\000m\000p\000i\000l\000e\000r}{chapter.4}% 46
\BOOKMARK [1][-]{section.4.10}{\376\377\000V\000i\000r\000t\000u\000a\000l\000\040\000M\000a\000c\000h\000i\000n\000e}{chapter.4}% 47
\BOOKMARK [1][-]{section.4.11}{\376\377\000V\000i\000r\000t\000u\000a\000l\000\040\000M\000a\000c\000h\000i\000n\000e}{chapter.4}% 48
\BOOKMARK [1][-]{section.4.12}{\376\377\000P\000r\000e\000l\000u\000d\000e}{chapter.4}% 49
\BOOKMARK [1][-]{section.4.13}{\376\377\000P\000l\000o\000t\000t\000i\000n\000g}{chapter.4}% 50
\BOOKMARK [1][-]{section.4.14}{\376\377\000D\000r\000a\000w\000i\000n\000g}{chapter.4}% 51
\BOOKMARK [1][-]{section.4.15}{\376\377\000N\000o\000t\000e\000b\000o\000o\000k\000\040\000V\000i\000e\000w}{chapter.4}% 52
\BOOKMARK [1][-]{section.4.16}{\376\377\000T\000r\000a\000n\000s\000p\000i\000l\000e\000r}{chapter.4}% 53
\BOOKMARK [1][-]{section.4.17}{\376\377\000C\000o\000d\000e\000\040\000a\000r\000c\000h\000i\000t\000e\000c\000t\000u\000r\000e}{chapter.4}% 54
\BOOKMARK [0][-]{chapter.5}{\376\377\000D\000i\000s\000c\000u\000s\000s\000i\000o\000n\000,\000\040\000c\000o\000n\000c\000l\000u\000s\000i\000o\000n\000\040\000a\000n\000d\000\040\000f\000u\000t\000u\000r\000e\000\040\000w\000o\000r\000k}{}% 55
\BOOKMARK [0][-]{appendix.A}{\376\377\000C\000o\000n\000t\000r\000i\000b\000u\000t\000i\000o\000n\000s}{}% 56
\BOOKMARK [1][-]{section.A.1}{\376\377\000J\000a\000c\000o\000b\000\040\000E\000d\000w\000a\000r\000d\000s}{appendix.A}% 57
\BOOKMARK [1][-]{section.A.2}{\376\377\000J\000a\000m\000i\000e\000\040\000W\000a\000l\000e\000s}{appendix.A}% 58
\BOOKMARK [0][-]{appendix.B}{\376\377\000T\000e\000s\000t\000i\000n\000g}{}% 59
\BOOKMARK [1][-]{section.B.1}{\376\377\000L\000e\000x\000e\000r\000\040\000t\000e\000s\000t\000i\000n\000g}{appendix.B}% 60
\BOOKMARK [1][-]{section.B.2}{\376\377\000P\000a\000r\000s\000e\000r\000\040\000t\000e\000s\000t\000i\000n\000g}{appendix.B}% 61
\BOOKMARK [1][-]{section.B.3}{\376\377\000E\000x\000p\000r\000e\000s\000s\000i\000o\000n\000\040\000t\000e\000s\000t\000i\000n\000g}{appendix.B}% 62
\BOOKMARK [1][-]{section.B.4}{\376\377\000V\000a\000r\000i\000a\000b\000l\000e\000\040\000a\000s\000s\000i\000g\000n\000m\000e\000n\000t\000\040\000t\000e\000s\000t\000i\000n\000g}{appendix.B}% 63
\BOOKMARK [1][-]{section.B.5}{\376\377\000F\000u\000n\000c\000t\000i\000o\000n\000\040\000t\000e\000s\000t\000i\000n\000g}{appendix.B}% 64
\BOOKMARK [1][-]{section.B.6}{\376\377\000G\000U\000I\000\040\000t\000e\000s\000t\000i\000n\000g}{appendix.B}% 65
\BOOKMARK [1][-]{section.B.7}{\376\377\000P\000l\000o\000t\000\040\000t\000e\000s\000t\000i\000n\000g}{appendix.B}% 66
\BOOKMARK [0][-]{appendix.C}{\376\377\000S\000y\000n\000t\000a\000x}{}% 67
